[2025-07-05T05:46:52.379Z] POST /shorten
[2025-07-05T05:51:22.968Z] POST /shorten
[2025-07-05T05:53:02.166Z] GET /test123
[2025-07-05T05:53:24.301Z] GET /test123
[2025-07-05T05:54:26.380Z] GET /stats
[2025-07-05T05:54:55.967Z] POST /shorten
[2025-07-05T05:56:01.202Z] GET /test123
[2025-07-05T05:56:57.635Z] GET /test123
[2025-07-05T05:57:55.125Z] GET /stats
[2025-07-05T05:58:16.178Z] GET /stats
[2025-07-05T05:58:16.236Z] GET /favicon.ico
[2025-07-05T05:59:18.944Z] GET /stats
[2025-07-05T06:02:18.702Z] POST /shorten
[2025-07-05T06:03:51.862Z] POST /shorten
[2025-07-05T06:04:25.496Z] GET /test123
[2025-07-05T06:04:44.264Z] GET /stats
[2025-07-05T06:23:38.386Z] GET /shorten
[2025-07-05T06:23:46.867Z] POST /shorten
[2025-07-05T06:30:47.521Z] GET /main.ce8b647a49d7d3edc073.hot-update.json
[2025-07-05T06:36:21.091Z] POST /shorten
[2025-07-05T06:36:30.625Z] GET /stats
[2025-07-05T06:36:30.947Z] GET /stats
[2025-07-05T06:38:10.145Z] POST /shorten
[2025-07-05T06:38:22.980Z] POST /shorten
[2025-07-05T06:38:46.401Z] POST /shorten
[2025-07-05T06:39:06.332Z] GET /stats
[2025-07-05T06:39:06.589Z] GET /stats
